<?xml version="1.0" encoding="UTF-8"?>
<testsuite xmlns:xsi="http://www.w3.org/2001/XMLSchema-instance" xsi:noNamespaceSchemaLocation="https://maven.apache.org/surefire/maven-surefire-plugin/xsd/surefire-test-report-3.0.xsd" version="3.0" name="Scenario: User logout from OrangeHRM" time="64.822" tests="20" errors="0" skipped="0" failures="0">
  <properties>
[...]
</properties>
  <testcase name="Given User in OrangeHRM login page" classname="Scenario: User login using valid credentials" time="0.002">
    <system-err><![CDATA[1622100248687	geckodriver	INFO	Listening on 127.0.0.1:47590
1622100249427	mozrunner::runner	INFO	Running command: "C:\\Program Files\\Mozilla Firefox\\firefox.exe" "--marionette" "-foreground" "-no-remote" "-profile" "C:\\Users\\RASYID~1\\AppData\\Local\\Temp\\rust_mozprofilerAahag"
1622100250160	Marionette	INFO	Marionette enabled
console.warn: SearchSettings: "get: No settings file exists, new profile?" (new Error("", "(unknown module)"))
1622100253433	Marionette	INFO	Listening on port 51807
1622100253628	Marionette	WARN	TLS certificate errors will be ignored for this session
May 27, 2021 2:24:13 PM org.openqa.selenium.remote.ProtocolHandshake createSession
INFO: Detected dialect: W3C
]]></system-err>
  </testcase>
  <testcase name="When Input authentication using &quot;Admin&quot; as username and &quot;s3Kol4HQA!*&quot; as password" classname="Scenario: User login using valid credentials" time="0"/>
  <testcase name="Then User navigate to OrangeHRM dashboard" classname="Scenario: User login using valid credentials" time="0"/>
  <testcase name="" classname="Scenario: User login using valid credentials" time="0.993">
    <system-err><![CDATA[1622100260660	Marionette	INFO	Stopped listening on port 51807

###!!! [Child][RunMessage] Error: Channel closing: too late to send/recv, messages will be lost

]]></system-err>
  </testcase>
  <testcase name="Given User in OrangeHRM login page" classname="| admin | s3Kol4HQA!*. | Invalid credentials |" time="0">
    <system-err><![CDATA[1622100261705	geckodriver	INFO	Listening on 127.0.0.1:40804
1622100262195	mozrunner::runner	INFO	Running command: "C:\\Program Files\\Mozilla Firefox\\firefox.exe" "--marionette" "-foreground" "-no-remote" "-profile" "C:\\Users\\RASYID~1\\AppData\\Local\\Temp\\rust_mozprofilekBBpZJ"
1622100262766	Marionette	INFO	Marionette enabled
console.warn: SearchSettings: "get: No settings file exists, new profile?" (new Error("", "(unknown module)"))
1622100265905	Marionette	INFO	Listening on port 51862
1622100266387	Marionette	WARN	TLS certificate errors will be ignored for this session
May 27, 2021 2:24:26 PM org.openqa.selenium.remote.ProtocolHandshake createSession
INFO: Detected dialect: W3C
]]></system-err>
  </testcase>
  <testcase name="When Input invalid authentication using admin as username and s3Kol4HQA!*. as password" classname="| admin | s3Kol4HQA!*. | Invalid credentials |" time="0"/>
  <testcase name="Then Error message Invalid credentials" classname="| admin | s3Kol4HQA!*. | Invalid credentials |" time="0"/>
  <testcase name="" classname="| admin | s3Kol4HQA!*. | Invalid credentials |" time="0.945">
    <system-err><![CDATA[1622100272331	Marionette	INFO	Stopped listening on port 51862

###!!! [Child][RunMessage] Error: Channel closing: too late to send/recv, messages will be lost

]]></system-err>
  </testcase>
  <testcase name="Given User in OrangeHRM login page" classname="| Admin |  | Password cannot be empty |" time="0">
    <system-err><![CDATA[1622100273330	geckodriver	INFO	Listening on 127.0.0.1:12987
1622100273814	mozrunner::runner	INFO	Running command: "C:\\Program Files\\Mozilla Firefox\\firefox.exe" "--marionette" "-foreground" "-no-remote" "-profile" "C:\\Users\\RASYID~1\\AppData\\Local\\Temp\\rust_mozprofilef52n5E"
1622100274388	Marionette	INFO	Marionette enabled
console.warn: SearchSettings: "get: No settings file exists, new profile?" (new Error("", "(unknown module)"))
1622100277666	Marionette	INFO	Listening on port 51920
1622100277983	Marionette	WARN	TLS certificate errors will be ignored for this session
May 27, 2021 2:24:38 PM org.openqa.selenium.remote.ProtocolHandshake createSession
INFO: Detected dialect: W3C
]]></system-err>
  </testcase>
  <testcase name="When Input invalid authentication using Admin as username and  as password" classname="| Admin |  | Password cannot be empty |" time="0.001"/>
  <testcase name="Then Error message Password cannot be empty" classname="| Admin |  | Password cannot be empty |" time="0"/>
  <testcase name="" classname="| Admin |  | Password cannot be empty |" time="1.08">
    <system-err><![CDATA[1622100283094	Marionette	INFO	Stopped listening on port 51920

###!!! [Child][RunMessage] Error: Channel closing: too late to send/recv, messages will be lost

]]></system-err>
  </testcase>
  <testcase name="Given User in OrangeHRM login page" classname="|  | s3Kol4HQA!* | Username cannot be empty |" time="0">
    <system-err><![CDATA[1622100284254	geckodriver	INFO	Listening on 127.0.0.1:29340
1622100284732	mozrunner::runner	INFO	Running command: "C:\\Program Files\\Mozilla Firefox\\firefox.exe" "--marionette" "-foreground" "-no-remote" "-profile" "C:\\Users\\RASYID~1\\AppData\\Local\\Temp\\rust_mozprofileTbjU7q"
1622100285393	Marionette	INFO	Marionette enabled
console.warn: SearchSettings: "get: No settings file exists, new profile?" (new Error("", "(unknown module)"))
1622100288965	Marionette	INFO	Listening on port 51977
1622100289038	Marionette	WARN	TLS certificate errors will be ignored for this session
May 27, 2021 2:24:49 PM org.openqa.selenium.remote.ProtocolHandshake createSession
INFO: Detected dialect: W3C
]]></system-err>
  </testcase>
  <testcase name="When Input invalid authentication using  as username and s3Kol4HQA!* as password" classname="|  | s3Kol4HQA!* | Username cannot be empty |" time="0"/>
  <testcase name="Then Error message Username cannot be empty" classname="|  | s3Kol4HQA!* | Username cannot be empty |" time="0"/>
  <testcase name="" classname="|  | s3Kol4HQA!* | Username cannot be empty |" time="1.034">
    <system-err><![CDATA[1622100294957	Marionette	INFO	Stopped listening on port 51977

###!!! [Child][RunMessage] Error: Channel closing: too late to send/recv, messages will be lost

]]></system-err>
  </testcase>
  <testcase name="Given User logged in OrangeHRM" classname="Scenario: User logout from OrangeHRM" time="0">
    <system-err><![CDATA[1622100296055	geckodriver	INFO	Listening on 127.0.0.1:1957
1622100296548	mozrunner::runner	INFO	Running command: "C:\\Program Files\\Mozilla Firefox\\firefox.exe" "--marionette" "-foreground" "-no-remote" "-profile" "C:\\Users\\RASYID~1\\AppData\\Local\\Temp\\rust_mozprofilee6BIRa"
1622100297096	Marionette	INFO	Marionette enabled
console.warn: SearchSettings: "get: No settings file exists, new profile?" (new Error("", "(unknown module)"))
1622100300401	Marionette	INFO	Listening on port 52031
1622100300726	Marionette	WARN	TLS certificate errors will be ignored for this session
May 27, 2021 2:25:00 PM org.openqa.selenium.remote.ProtocolHandshake createSession
INFO: Detected dialect: W3C
]]></system-err>
  </testcase>
  <testcase name="When User click Logout url in username menu" classname="Scenario: User logout from OrangeHRM" time="0"/>
  <testcase name="Then User successfully logout" classname="Scenario: User logout from OrangeHRM" time="0"/>
  <testcase name="" classname="Scenario: User logout from OrangeHRM" time="0.989">
    <system-err><![CDATA[1622100311065	Marionette	INFO	Stopped listening on port 52031

###!!! [Child][RunMessage] Error: Channel closing: too late to send/recv, messages will be lost

]]></system-err>
  </testcase>
</testsuite>